<?xml version="1.0" encoding="UTF-8"?>
<testsuite name="hello.core.scope.PrototypeTest" tests="1" skipped="0" failures="0" errors="0" timestamp="2024-04-25T13:54:21" hostname="DESKTOP-DQN4VPB" time="0.008">
  <properties/>
  <testcase name="prototypeBeanFind()" classname="hello.core.scope.PrototypeTest" time="0.008"/>
  <system-out><![CDATA[22:54:21.723 [Test worker] DEBUG o.s.c.a.AnnotationConfigApplicationContext -- Refreshing org.springframework.context.annotation.AnnotationConfigApplicationContext@5ca22e19
22:54:21.724 [Test worker] DEBUG o.s.b.f.s.DefaultListableBeanFactory -- Creating shared instance of singleton bean 'org.springframework.context.annotation.internalConfigurationAnnotationProcessor'
22:54:21.725 [Test worker] DEBUG o.s.b.f.s.DefaultListableBeanFactory -- Creating shared instance of singleton bean 'org.springframework.context.event.internalEventListenerProcessor'
22:54:21.725 [Test worker] DEBUG o.s.b.f.s.DefaultListableBeanFactory -- Creating shared instance of singleton bean 'org.springframework.context.event.internalEventListenerFactory'
22:54:21.725 [Test worker] DEBUG o.s.b.f.s.DefaultListableBeanFactory -- Creating shared instance of singleton bean 'org.springframework.context.annotation.internalAutowiredAnnotationProcessor'
22:54:21.725 [Test worker] DEBUG o.s.b.f.s.DefaultListableBeanFactory -- Creating shared instance of singleton bean 'org.springframework.context.annotation.internalCommonAnnotationProcessor'
find prototypeBean1
PrototypeBean.init
find prototypeBean2
PrototypeBean.init
prototypeBean1 = hello.core.scope.PrototypeTest$PrototypeBean@722b2728
prototypeBean2 = hello.core.scope.PrototypeTest$PrototypeBean@740c4868
PrototypeBean.destroy
PrototypeBean.destroy
22:54:21.728 [Test worker] DEBUG o.s.c.a.AnnotationConfigApplicationContext -- Closing org.springframework.context.annotation.AnnotationConfigApplicationContext@5ca22e19, started on Thu Apr 25 22:54:21 KST 2024
]]></system-out>
  <system-err><![CDATA[]]></system-err>
</testsuite>
