<?xml version="1.0" encoding="UTF-8"?>
<testsuite name="hello.core.order.OrderServiceImplTest" tests="1" skipped="0" failures="0" errors="0" timestamp="2024-04-25T13:54:21" hostname="DESKTOP-DQN4VPB" time="0.001">
  <properties/>
  <testcase name="createOrder()" classname="hello.core.order.OrderServiceImplTest" time="0.001"/>
  <system-out><![CDATA[]]></system-out>
  <system-err><![CDATA[]]></system-err>
</testsuite>
