<?xml version="1.0" encoding="UTF-8"?>
<testsuite name="hello.core.scope.SingletonWithProtypeTest1" tests="2" skipped="0" failures="0" errors="0" timestamp="2024-04-25T13:54:21" hostname="DESKTOP-DQN4VPB" time="0.014">
  <properties/>
  <testcase name="prototypeFind()" classname="hello.core.scope.SingletonWithProtypeTest1" time="0.005"/>
  <testcase name="singletonClientUsePrototype()" classname="hello.core.scope.SingletonWithProtypeTest1" time="0.008"/>
  <system-out><![CDATA[22:54:21.739 [Test worker] DEBUG o.s.c.a.AnnotationConfigApplicationContext -- Refreshing org.springframework.context.annotation.AnnotationConfigApplicationContext@483b7dc4
22:54:21.740 [Test worker] DEBUG o.s.b.f.s.DefaultListableBeanFactory -- Creating shared instance of singleton bean 'org.springframework.context.annotation.internalConfigurationAnnotationProcessor'
22:54:21.740 [Test worker] DEBUG o.s.b.f.s.DefaultListableBeanFactory -- Creating shared instance of singleton bean 'org.springframework.context.event.internalEventListenerProcessor'
22:54:21.740 [Test worker] DEBUG o.s.b.f.s.DefaultListableBeanFactory -- Creating shared instance of singleton bean 'org.springframework.context.event.internalEventListenerFactory'
22:54:21.740 [Test worker] DEBUG o.s.b.f.s.DefaultListableBeanFactory -- Creating shared instance of singleton bean 'org.springframework.context.annotation.internalAutowiredAnnotationProcessor'
22:54:21.742 [Test worker] DEBUG o.s.b.f.s.DefaultListableBeanFactory -- Creating shared instance of singleton bean 'org.springframework.context.annotation.internalCommonAnnotationProcessor'
PrototypeBean.init hello.core.scope.SingletonWithProtypeTest1$PrototypeBean@5871a482
PrototypeBean.init hello.core.scope.SingletonWithProtypeTest1$PrototypeBean@45c90a05
22:54:21.745 [Test worker] DEBUG o.s.c.a.AnnotationConfigApplicationContext -- Refreshing org.springframework.context.annotation.AnnotationConfigApplicationContext@296676c4
22:54:21.746 [Test worker] DEBUG o.s.b.f.s.DefaultListableBeanFactory -- Creating shared instance of singleton bean 'org.springframework.context.annotation.internalConfigurationAnnotationProcessor'
22:54:21.746 [Test worker] DEBUG o.s.b.f.s.DefaultListableBeanFactory -- Creating shared instance of singleton bean 'org.springframework.context.event.internalEventListenerProcessor'
22:54:21.746 [Test worker] DEBUG o.s.b.f.s.DefaultListableBeanFactory -- Creating shared instance of singleton bean 'org.springframework.context.event.internalEventListenerFactory'
22:54:21.746 [Test worker] DEBUG o.s.b.f.s.DefaultListableBeanFactory -- Creating shared instance of singleton bean 'org.springframework.context.annotation.internalAutowiredAnnotationProcessor'
22:54:21.748 [Test worker] DEBUG o.s.b.f.s.DefaultListableBeanFactory -- Creating shared instance of singleton bean 'org.springframework.context.annotation.internalCommonAnnotationProcessor'
22:54:21.748 [Test worker] DEBUG o.s.b.f.s.DefaultListableBeanFactory -- Creating shared instance of singleton bean 'singletonWithProtypeTest1.ClientBean'
PrototypeBean.init hello.core.scope.SingletonWithProtypeTest1$PrototypeBean@5d6b42cf
PrototypeBean.init hello.core.scope.SingletonWithProtypeTest1$PrototypeBean@370225c7
]]></system-out>
  <system-err><![CDATA[]]></system-err>
</testsuite>
