<?xml version="1.0" encoding="UTF-8"?>
<testsuite name="jpabook.jpashop.service.OrderServiceTest" tests="3" skipped="0" failures="0" errors="0" timestamp="2024-05-25T14:40:22" hostname="DESKTOP-DQN4VPB" time="0.83">
  <properties/>
  <testcase name="상품주문_재고수량초과()" classname="jpabook.jpashop.service.OrderServiceTest" time="0.706"/>
  <testcase name="상품주문()" classname="jpabook.jpashop.service.OrderServiceTest" time="0.101"/>
  <testcase name="주문취소()" classname="jpabook.jpashop.service.OrderServiceTest" time="0.018"/>
  <system-out><![CDATA[23:40:16.954 [Test worker] INFO org.springframework.test.context.support.AnnotationConfigContextLoaderUtils -- Could not detect default configuration classes for test class [jpabook.jpashop.service.OrderServiceTest]: OrderServiceTest does not declare any static, non-private, non-final, nested classes annotated with @Configuration.
23:40:17.105 [Test worker] INFO org.springframework.boot.test.context.SpringBootTestContextBootstrapper -- Found @SpringBootConfiguration jpabook.jpashop.JpashopApplication for test class jpabook.jpashop.service.OrderServiceTest
23:40:17.308 [Test worker] INFO org.springframework.boot.devtools.restart.RestartApplicationListener -- Restart disabled due to context in which it is running

  .   ____          _            __ _ _
 /\\ / ___'_ __ _ _(_)_ __  __ _ \ \ \ \
( ( )\___ | '_ | '_| | '_ \/ _` | \ \ \ \
 \\/  ___)| |_)| | | | | || (_| |  ) ) ) )
  '  |____| .__|_| |_|_| |_\__, | / / / /
 =========|_|==============|___/=/_/_/_/
?[32m :: Spring Boot :: ?[39m              ?[2m (v3.2.5)?[0;39m

?[2m2024-05-25T23:40:17.644+09:00?[0;39m ?[32m INFO?[0;39m ?[35m13892?[0;39m ?[2m---?[0;39m ?[2m[jpashop] [    Test worker]?[0;39m ?[2m?[0;39m?[36mj.jpashop.service.OrderServiceTest      ?[0;39m ?[2m:?[0;39m Starting OrderServiceTest using Java 17.0.10 with PID 13892 (started by LJS in C:\Users\LJS\Desktop\포폴\inflearn_tutorial\스프링 부트와 JPA 활용 1\jpashop)
?[2m2024-05-25T23:40:17.645+09:00?[0;39m ?[32m INFO?[0;39m ?[35m13892?[0;39m ?[2m---?[0;39m ?[2m[jpashop] [    Test worker]?[0;39m ?[2m?[0;39m?[36mj.jpashop.service.OrderServiceTest      ?[0;39m ?[2m:?[0;39m No active profile set, falling back to 1 default profile: "default"
?[2m2024-05-25T23:40:18.553+09:00?[0;39m ?[32m INFO?[0;39m ?[35m13892?[0;39m ?[2m---?[0;39m ?[2m[jpashop] [    Test worker]?[0;39m ?[2m?[0;39m?[36m.s.d.r.c.RepositoryConfigurationDelegate?[0;39m ?[2m:?[0;39m Bootstrapping Spring Data JPA repositories in DEFAULT mode.
?[2m2024-05-25T23:40:18.583+09:00?[0;39m ?[32m INFO?[0;39m ?[35m13892?[0;39m ?[2m---?[0;39m ?[2m[jpashop] [    Test worker]?[0;39m ?[2m?[0;39m?[36m.s.d.r.c.RepositoryConfigurationDelegate?[0;39m ?[2m:?[0;39m Finished Spring Data repository scanning in 19 ms. Found 0 JPA repository interfaces.
?[2m2024-05-25T23:40:19.201+09:00?[0;39m ?[32m INFO?[0;39m ?[35m13892?[0;39m ?[2m---?[0;39m ?[2m[jpashop] [    Test worker]?[0;39m ?[2m?[0;39m?[36mo.hibernate.jpa.internal.util.LogHelper ?[0;39m ?[2m:?[0;39m HHH000204: Processing PersistenceUnitInfo [name: default]
?[2m2024-05-25T23:40:19.281+09:00?[0;39m ?[32m INFO?[0;39m ?[35m13892?[0;39m ?[2m---?[0;39m ?[2m[jpashop] [    Test worker]?[0;39m ?[2m?[0;39m?[36morg.hibernate.Version                   ?[0;39m ?[2m:?[0;39m HHH000412: Hibernate ORM core version 6.4.4.Final
?[2m2024-05-25T23:40:19.322+09:00?[0;39m ?[32m INFO?[0;39m ?[35m13892?[0;39m ?[2m---?[0;39m ?[2m[jpashop] [    Test worker]?[0;39m ?[2m?[0;39m?[36mo.h.c.internal.RegionFactoryInitiator   ?[0;39m ?[2m:?[0;39m HHH000026: Second-level cache disabled
?[2m2024-05-25T23:40:19.620+09:00?[0;39m ?[32m INFO?[0;39m ?[35m13892?[0;39m ?[2m---?[0;39m ?[2m[jpashop] [    Test worker]?[0;39m ?[2m?[0;39m?[36mo.s.o.j.p.SpringPersistenceUnitInfo     ?[0;39m ?[2m:?[0;39m No LoadTimeWeaver setup: ignoring JPA class transformer
?[2m2024-05-25T23:40:19.659+09:00?[0;39m ?[32m INFO?[0;39m ?[35m13892?[0;39m ?[2m---?[0;39m ?[2m[jpashop] [    Test worker]?[0;39m ?[2m?[0;39m?[36mcom.zaxxer.hikari.HikariDataSource      ?[0;39m ?[2m:?[0;39m HikariPool-1 - Starting...
?[2m2024-05-25T23:40:19.875+09:00?[0;39m ?[32m INFO?[0;39m ?[35m13892?[0;39m ?[2m---?[0;39m ?[2m[jpashop] [    Test worker]?[0;39m ?[2m?[0;39m?[36mcom.zaxxer.hikari.pool.HikariPool       ?[0;39m ?[2m:?[0;39m HikariPool-1 - Added connection conn0: url=jdbc:h2:mem:test user=SA
?[2m2024-05-25T23:40:19.876+09:00?[0;39m ?[32m INFO?[0;39m ?[35m13892?[0;39m ?[2m---?[0;39m ?[2m[jpashop] [    Test worker]?[0;39m ?[2m?[0;39m?[36mcom.zaxxer.hikari.HikariDataSource      ?[0;39m ?[2m:?[0;39m HikariPool-1 - Start completed.
?[2m2024-05-25T23:40:20.289+09:00?[0;39m ?[32m INFO?[0;39m ?[35m13892?[0;39m ?[2m---?[0;39m ?[2m[jpashop] [    Test worker]?[0;39m ?[2m?[0;39m?[36mp6spy                                   ?[0;39m ?[2m:?[0;39m #1716648020289 | took 6ms | statement | connection 1| url jdbc:h2:mem:test
select * from INFORMATION_SCHEMA.SEQUENCES
select * from INFORMATION_SCHEMA.SEQUENCES;
?[2m2024-05-25T23:40:21.084+09:00?[0;39m ?[32m INFO?[0;39m ?[35m13892?[0;39m ?[2m---?[0;39m ?[2m[jpashop] [    Test worker]?[0;39m ?[2m?[0;39m?[36mo.h.e.t.j.p.i.JtaPlatformInitiator      ?[0;39m ?[2m:?[0;39m HHH000489: No JTA platform available (set 'hibernate.transaction.jta.platform' to enable JTA platform integration)
?[2m2024-05-25T23:40:21.099+09:00?[0;39m ?[32mDEBUG?[0;39m ?[35m13892?[0;39m ?[2m---?[0;39m ?[2m[jpashop] [    Test worker]?[0;39m ?[2m?[0;39m?[36morg.hibernate.SQL                       ?[0;39m ?[2m:?[0;39m 
    drop table if exists category cascade 
?[2m2024-05-25T23:40:21.101+09:00?[0;39m ?[32m INFO?[0;39m ?[35m13892?[0;39m ?[2m---?[0;39m ?[2m[jpashop] [    Test worker]?[0;39m ?[2m?[0;39m?[36mp6spy                                   ?[0;39m ?[2m:?[0;39m #1716648021101 | took 0ms | statement | connection 2| url jdbc:h2:mem:test

    drop table if exists category cascade 

    drop table if exists category cascade ;
?[2m2024-05-25T23:40:21.101+09:00?[0;39m ?[32mDEBUG?[0;39m ?[35m13892?[0;39m ?[2m---?[0;39m ?[2m[jpashop] [    Test worker]?[0;39m ?[2m?[0;39m?[36morg.hibernate.SQL                       ?[0;39m ?[2m:?[0;39m 
    drop table if exists category_item cascade 
?[2m2024-05-25T23:40:21.101+09:00?[0;39m ?[32m INFO?[0;39m ?[35m13892?[0;39m ?[2m---?[0;39m ?[2m[jpashop] [    Test worker]?[0;39m ?[2m?[0;39m?[36mp6spy                                   ?[0;39m ?[2m:?[0;39m #1716648021101 | took 0ms | statement | connection 2| url jdbc:h2:mem:test

    drop table if exists category_item cascade 

    drop table if exists category_item cascade ;
?[2m2024-05-25T23:40:21.101+09:00?[0;39m ?[32mDEBUG?[0;39m ?[35m13892?[0;39m ?[2m---?[0;39m ?[2m[jpashop] [    Test worker]?[0;39m ?[2m?[0;39m?[36morg.hibernate.SQL                       ?[0;39m ?[2m:?[0;39m 
    drop table if exists delivery cascade 
?[2m2024-05-25T23:40:21.103+09:00?[0;39m ?[32m INFO?[0;39m ?[35m13892?[0;39m ?[2m---?[0;39m ?[2m[jpashop] [    Test worker]?[0;39m ?[2m?[0;39m?[36mp6spy                                   ?[0;39m ?[2m:?[0;39m #1716648021103 | took 0ms | statement | connection 2| url jdbc:h2:mem:test

    drop table if exists delivery cascade 

    drop table if exists delivery cascade ;
?[2m2024-05-25T23:40:21.103+09:00?[0;39m ?[32mDEBUG?[0;39m ?[35m13892?[0;39m ?[2m---?[0;39m ?[2m[jpashop] [    Test worker]?[0;39m ?[2m?[0;39m?[36morg.hibernate.SQL                       ?[0;39m ?[2m:?[0;39m 
    drop table if exists item cascade 
?[2m2024-05-25T23:40:21.103+09:00?[0;39m ?[32m INFO?[0;39m ?[35m13892?[0;39m ?[2m---?[0;39m ?[2m[jpashop] [    Test worker]?[0;39m ?[2m?[0;39m?[36mp6spy                                   ?[0;39m ?[2m:?[0;39m #1716648021103 | took 0ms | statement | connection 2| url jdbc:h2:mem:test

    drop table if exists item cascade 

    drop table if exists item cascade ;
?[2m2024-05-25T23:40:21.103+09:00?[0;39m ?[32mDEBUG?[0;39m ?[35m13892?[0;39m ?[2m---?[0;39m ?[2m[jpashop] [    Test worker]?[0;39m ?[2m?[0;39m?[36morg.hibernate.SQL                       ?[0;39m ?[2m:?[0;39m 
    drop table if exists member cascade 
?[2m2024-05-25T23:40:21.104+09:00?[0;39m ?[32m INFO?[0;39m ?[35m13892?[0;39m ?[2m---?[0;39m ?[2m[jpashop] [    Test worker]?[0;39m ?[2m?[0;39m?[36mp6spy                                   ?[0;39m ?[2m:?[0;39m #1716648021104 | took 0ms | statement | connection 2| url jdbc:h2:mem:test

    drop table if exists member cascade 

    drop table if exists member cascade ;
?[2m2024-05-25T23:40:21.104+09:00?[0;39m ?[32mDEBUG?[0;39m ?[35m13892?[0;39m ?[2m---?[0;39m ?[2m[jpashop] [    Test worker]?[0;39m ?[2m?[0;39m?[36morg.hibernate.SQL                       ?[0;39m ?[2m:?[0;39m 
    drop table if exists order_item cascade 
?[2m2024-05-25T23:40:21.104+09:00?[0;39m ?[32m INFO?[0;39m ?[35m13892?[0;39m ?[2m---?[0;39m ?[2m[jpashop] [    Test worker]?[0;39m ?[2m?[0;39m?[36mp6spy                                   ?[0;39m ?[2m:?[0;39m #1716648021104 | took 0ms | statement | connection 2| url jdbc:h2:mem:test

    drop table if exists order_item cascade 

    drop table if exists order_item cascade ;
?[2m2024-05-25T23:40:21.104+09:00?[0;39m ?[32mDEBUG?[0;39m ?[35m13892?[0;39m ?[2m---?[0;39m ?[2m[jpashop] [    Test worker]?[0;39m ?[2m?[0;39m?[36morg.hibernate.SQL                       ?[0;39m ?[2m:?[0;39m 
    drop table if exists orders cascade 
?[2m2024-05-25T23:40:21.105+09:00?[0;39m ?[32m INFO?[0;39m ?[35m13892?[0;39m ?[2m---?[0;39m ?[2m[jpashop] [    Test worker]?[0;39m ?[2m?[0;39m?[36mp6spy                                   ?[0;39m ?[2m:?[0;39m #1716648021105 | took 0ms | statement | connection 2| url jdbc:h2:mem:test

    drop table if exists orders cascade 

    drop table if exists orders cascade ;
?[2m2024-05-25T23:40:21.105+09:00?[0;39m ?[32mDEBUG?[0;39m ?[35m13892?[0;39m ?[2m---?[0;39m ?[2m[jpashop] [    Test worker]?[0;39m ?[2m?[0;39m?[36morg.hibernate.SQL                       ?[0;39m ?[2m:?[0;39m 
    drop sequence if exists category_seq
?[2m2024-05-25T23:40:21.105+09:00?[0;39m ?[32m INFO?[0;39m ?[35m13892?[0;39m ?[2m---?[0;39m ?[2m[jpashop] [    Test worker]?[0;39m ?[2m?[0;39m?[36mp6spy                                   ?[0;39m ?[2m:?[0;39m #1716648021105 | took 0ms | statement | connection 2| url jdbc:h2:mem:test

    drop sequence if exists category_seq

    drop sequence if exists category_seq;
?[2m2024-05-25T23:40:21.106+09:00?[0;39m ?[32mDEBUG?[0;39m ?[35m13892?[0;39m ?[2m---?[0;39m ?[2m[jpashop] [    Test worker]?[0;39m ?[2m?[0;39m?[36morg.hibernate.SQL                       ?[0;39m ?[2m:?[0;39m 
    drop sequence if exists delivery_seq
?[2m2024-05-25T23:40:21.106+09:00?[0;39m ?[32m INFO?[0;39m ?[35m13892?[0;39m ?[2m---?[0;39m ?[2m[jpashop] [    Test worker]?[0;39m ?[2m?[0;39m?[36mp6spy                                   ?[0;39m ?[2m:?[0;39m #1716648021106 | took 0ms | statement | connection 2| url jdbc:h2:mem:test

    drop sequence if exists delivery_seq

    drop sequence if exists delivery_seq;
?[2m2024-05-25T23:40:21.106+09:00?[0;39m ?[32mDEBUG?[0;39m ?[35m13892?[0;39m ?[2m---?[0;39m ?[2m[jpashop] [    Test worker]?[0;39m ?[2m?[0;39m?[36morg.hibernate.SQL                       ?[0;39m ?[2m:?[0;39m 
    drop sequence if exists item_seq
?[2m2024-05-25T23:40:21.107+09:00?[0;39m ?[32m INFO?[0;39m ?[35m13892?[0;39m ?[2m---?[0;39m ?[2m[jpashop] [    Test worker]?[0;39m ?[2m?[0;39m?[36mp6spy                                   ?[0;39m ?[2m:?[0;39m #1716648021107 | took 0ms | statement | connection 2| url jdbc:h2:mem:test

    drop sequence if exists item_seq

    drop sequence if exists item_seq;
?[2m2024-05-25T23:40:21.107+09:00?[0;39m ?[32mDEBUG?[0;39m ?[35m13892?[0;39m ?[2m---?[0;39m ?[2m[jpashop] [    Test worker]?[0;39m ?[2m?[0;39m?[36morg.hibernate.SQL                       ?[0;39m ?[2m:?[0;39m 
    drop sequence if exists member_seq
?[2m2024-05-25T23:40:21.107+09:00?[0;39m ?[32m INFO?[0;39m ?[35m13892?[0;39m ?[2m---?[0;39m ?[2m[jpashop] [    Test worker]?[0;39m ?[2m?[0;39m?[36mp6spy                                   ?[0;39m ?[2m:?[0;39m #1716648021107 | took 0ms | statement | connection 2| url jdbc:h2:mem:test

    drop sequence if exists member_seq

    drop sequence if exists member_seq;
?[2m2024-05-25T23:40:21.108+09:00?[0;39m ?[32mDEBUG?[0;39m ?[35m13892?[0;39m ?[2m---?[0;39m ?[2m[jpashop] [    Test worker]?[0;39m ?[2m?[0;39m?[36morg.hibernate.SQL                       ?[0;39m ?[2m:?[0;39m 
    drop sequence if exists order_item_seq
?[2m2024-05-25T23:40:21.108+09:00?[0;39m ?[32m INFO?[0;39m ?[35m13892?[0;39m ?[2m---?[0;39m ?[2m[jpashop] [    Test worker]?[0;39m ?[2m?[0;39m?[36mp6spy                                   ?[0;39m ?[2m:?[0;39m #1716648021108 | took 0ms | statement | connection 2| url jdbc:h2:mem:test

    drop sequence if exists order_item_seq

    drop sequence if exists order_item_seq;
?[2m2024-05-25T23:40:21.109+09:00?[0;39m ?[32mDEBUG?[0;39m ?[35m13892?[0;39m ?[2m---?[0;39m ?[2m[jpashop] [    Test worker]?[0;39m ?[2m?[0;39m?[36morg.hibernate.SQL                       ?[0;39m ?[2m:?[0;39m 
    drop sequence if exists orders_seq
?[2m2024-05-25T23:40:21.109+09:00?[0;39m ?[32m INFO?[0;39m ?[35m13892?[0;39m ?[2m---?[0;39m ?[2m[jpashop] [    Test worker]?[0;39m ?[2m?[0;39m?[36mp6spy                                   ?[0;39m ?[2m:?[0;39m #1716648021109 | took 0ms | statement | connection 2| url jdbc:h2:mem:test

    drop sequence if exists orders_seq

    drop sequence if exists orders_seq;
?[2m2024-05-25T23:40:21.117+09:00?[0;39m ?[32mDEBUG?[0;39m ?[35m13892?[0;39m ?[2m---?[0;39m ?[2m[jpashop] [    Test worker]?[0;39m ?[2m?[0;39m?[36morg.hibernate.SQL                       ?[0;39m ?[2m:?[0;39m 
    create sequence category_seq start with 1 increment by 50
?[2m2024-05-25T23:40:21.120+09:00?[0;39m ?[32m INFO?[0;39m ?[35m13892?[0;39m ?[2m---?[0;39m ?[2m[jpashop] [    Test worker]?[0;39m ?[2m?[0;39m?[36mp6spy                                   ?[0;39m ?[2m:?[0;39m #1716648021120 | took 2ms | statement | connection 3| url jdbc:h2:mem:test

    create sequence category_seq start with 1 increment by 50

    create sequence category_seq start with 1 increment by 50;
?[2m2024-05-25T23:40:21.120+09:00?[0;39m ?[32mDEBUG?[0;39m ?[35m13892?[0;39m ?[2m---?[0;39m ?[2m[jpashop] [    Test worker]?[0;39m ?[2m?[0;39m?[36morg.hibernate.SQL                       ?[0;39m ?[2m:?[0;39m 
    create sequence delivery_seq start with 1 increment by 50
?[2m2024-05-25T23:40:21.120+09:00?[0;39m ?[32m INFO?[0;39m ?[35m13892?[0;39m ?[2m---?[0;39m ?[2m[jpashop] [    Test worker]?[0;39m ?[2m?[0;39m?[36mp6spy                                   ?[0;39m ?[2m:?[0;39m #1716648021120 | took 0ms | statement | connection 3| url jdbc:h2:mem:test

    create sequence delivery_seq start with 1 increment by 50

    create sequence delivery_seq start with 1 increment by 50;
?[2m2024-05-25T23:40:21.121+09:00?[0;39m ?[32mDEBUG?[0;39m ?[35m13892?[0;39m ?[2m---?[0;39m ?[2m[jpashop] [    Test worker]?[0;39m ?[2m?[0;39m?[36morg.hibernate.SQL                       ?[0;39m ?[2m:?[0;39m 
    create sequence item_seq start with 1 increment by 50
?[2m2024-05-25T23:40:21.121+09:00?[0;39m ?[32m INFO?[0;39m ?[35m13892?[0;39m ?[2m---?[0;39m ?[2m[jpashop] [    Test worker]?[0;39m ?[2m?[0;39m?[36mp6spy                                   ?[0;39m ?[2m:?[0;39m #1716648021121 | took 0ms | statement | connection 3| url jdbc:h2:mem:test

    create sequence item_seq start with 1 increment by 50

    create sequence item_seq start with 1 increment by 50;
?[2m2024-05-25T23:40:21.121+09:00?[0;39m ?[32mDEBUG?[0;39m ?[35m13892?[0;39m ?[2m---?[0;39m ?[2m[jpashop] [    Test worker]?[0;39m ?[2m?[0;39m?[36morg.hibernate.SQL                       ?[0;39m ?[2m:?[0;39m 
    create sequence member_seq start with 1 increment by 50
?[2m2024-05-25T23:40:21.122+09:00?[0;39m ?[32m INFO?[0;39m ?[35m13892?[0;39m ?[2m---?[0;39m ?[2m[jpashop] [    Test worker]?[0;39m ?[2m?[0;39m?[36mp6spy                                   ?[0;39m ?[2m:?[0;39m #1716648021122 | took 0ms | statement | connection 3| url jdbc:h2:mem:test

    create sequence member_seq start with 1 increment by 50

    create sequence member_seq start with 1 increment by 50;
?[2m2024-05-25T23:40:21.122+09:00?[0;39m ?[32mDEBUG?[0;39m ?[35m13892?[0;39m ?[2m---?[0;39m ?[2m[jpashop] [    Test worker]?[0;39m ?[2m?[0;39m?[36morg.hibernate.SQL                       ?[0;39m ?[2m:?[0;39m 
    create sequence order_item_seq start with 1 increment by 50
?[2m2024-05-25T23:40:21.123+09:00?[0;39m ?[32m INFO?[0;39m ?[35m13892?[0;39m ?[2m---?[0;39m ?[2m[jpashop] [    Test worker]?[0;39m ?[2m?[0;39m?[36mp6spy                                   ?[0;39m ?[2m:?[0;39m #1716648021123 | took 0ms | statement | connection 3| url jdbc:h2:mem:test

    create sequence order_item_seq start with 1 increment by 50

    create sequence order_item_seq start with 1 increment by 50;
?[2m2024-05-25T23:40:21.123+09:00?[0;39m ?[32mDEBUG?[0;39m ?[35m13892?[0;39m ?[2m---?[0;39m ?[2m[jpashop] [    Test worker]?[0;39m ?[2m?[0;39m?[36morg.hibernate.SQL                       ?[0;39m ?[2m:?[0;39m 
    create sequence orders_seq start with 1 increment by 50
?[2m2024-05-25T23:40:21.124+09:00?[0;39m ?[32m INFO?[0;39m ?[35m13892?[0;39m ?[2m---?[0;39m ?[2m[jpashop] [    Test worker]?[0;39m ?[2m?[0;39m?[36mp6spy                                   ?[0;39m ?[2m:?[0;39m #1716648021124 | took 0ms | statement | connection 3| url jdbc:h2:mem:test

    create sequence orders_seq start with 1 increment by 50

    create sequence orders_seq start with 1 increment by 50;
?[2m2024-05-25T23:40:21.127+09:00?[0;39m ?[32mDEBUG?[0;39m ?[35m13892?[0;39m ?[2m---?[0;39m ?[2m[jpashop] [    Test worker]?[0;39m ?[2m?[0;39m?[36morg.hibernate.SQL                       ?[0;39m ?[2m:?[0;39m 
    create table category (
        category_id bigint not null,
        parent_id bigint,
        name varchar(255),
        primary key (category_id)
    )
?[2m2024-05-25T23:40:21.133+09:00?[0;39m ?[32m INFO?[0;39m ?[35m13892?[0;39m ?[2m---?[0;39m ?[2m[jpashop] [    Test worker]?[0;39m ?[2m?[0;39m?[36mp6spy                                   ?[0;39m ?[2m:?[0;39m #1716648021133 | took 6ms | statement | connection 3| url jdbc:h2:mem:test

    create table category (
        category_id bigint not null,
        parent_id bigint,
        name varchar(255),
        primary key (category_id)
    )

    create table category (
        category_id bigint not null,
        parent_id bigint,
        name varchar(255),
        primary key (category_id)
    );
?[2m2024-05-25T23:40:21.135+09:00?[0;39m ?[32mDEBUG?[0;39m ?[35m13892?[0;39m ?[2m---?[0;39m ?[2m[jpashop] [    Test worker]?[0;39m ?[2m?[0;39m?[36morg.hibernate.SQL                       ?[0;39m ?[2m:?[0;39m 
    create table category_item (
        category_id bigint not null,
        item_id bigint not null
    )
?[2m2024-05-25T23:40:21.136+09:00?[0;39m ?[32m INFO?[0;39m ?[35m13892?[0;39m ?[2m---?[0;39m ?[2m[jpashop] [    Test worker]?[0;39m ?[2m?[0;39m?[36mp6spy                                   ?[0;39m ?[2m:?[0;39m #1716648021136 | took 0ms | statement | connection 3| url jdbc:h2:mem:test

    create table category_item (
        category_id bigint not null,
        item_id bigint not null
    )

    create table category_item (
        category_id bigint not null,
        item_id bigint not null
    );
?[2m2024-05-25T23:40:21.136+09:00?[0;39m ?[32mDEBUG?[0;39m ?[35m13892?[0;39m ?[2m---?[0;39m ?[2m[jpashop] [    Test worker]?[0;39m ?[2m?[0;39m?[36morg.hibernate.SQL                       ?[0;39m ?[2m:?[0;39m 
    create table delivery (
        delivery_id bigint not null,
        city varchar(255),
        status varchar(255) check (status in ('READY','COMP')),
        street varchar(255),
        zipcode varchar(255),
        primary key (delivery_id)
    )
?[2m2024-05-25T23:40:21.139+09:00?[0;39m ?[32m INFO?[0;39m ?[35m13892?[0;39m ?[2m---?[0;39m ?[2m[jpashop] [    Test worker]?[0;39m ?[2m?[0;39m?[36mp6spy                                   ?[0;39m ?[2m:?[0;39m #1716648021139 | took 2ms | statement | connection 3| url jdbc:h2:mem:test

    create table delivery (
        delivery_id bigint not null,
        city varchar(255),
        status varchar(255) check (status in ('READY','COMP')),
        street varchar(255),
        zipcode varchar(255),
        primary key (delivery_id)
    )

    create table delivery (
        delivery_id bigint not null,
        city varchar(255),
        status varchar(255) check (status in ('READY','COMP')),
        street varchar(255),
        zipcode varchar(255),
        primary key (delivery_id)
    );
?[2m2024-05-25T23:40:21.140+09:00?[0;39m ?[32mDEBUG?[0;39m ?[35m13892?[0;39m ?[2m---?[0;39m ?[2m[jpashop] [    Test worker]?[0;39m ?[2m?[0;39m?[36morg.hibernate.SQL                       ?[0;39m ?[2m:?[0;39m 
    create table item (
        price integer not null,
        stock_quantity integer not null,
        item_id bigint not null,
        dtype varchar(31) not null,
        actor varchar(255),
        artist varchar(255),
        author varchar(255),
        director varchar(255),
        etc varchar(255),
        isbn varchar(255),
        name varchar(255),
        primary key (item_id)
    )
?[2m2024-05-25T23:40:21.142+09:00?[0;39m ?[32m INFO?[0;39m ?[35m13892?[0;39m ?[2m---?[0;39m ?[2m[jpashop] [    Test worker]?[0;39m ?[2m?[0;39m?[36mp6spy                                   ?[0;39m ?[2m:?[0;39m #1716648021142 | took 1ms | statement | connection 3| url jdbc:h2:mem:test

    create table item (
        price integer not null,
        stock_quantity integer not null,
        item_id bigint not null,
        dtype varchar(31) not null,
        actor varchar(255),
        artist varchar(255),
        author varchar(255),
        director varchar(255),
        etc varchar(255),
        isbn varchar(255),
        name varchar(255),
        primary key (item_id)
    )

    create table item (
        price integer not null,
        stock_quantity integer not null,
        item_id bigint not null,
        dtype varchar(31) not null,
        actor varchar(255),
        artist varchar(255),
        author varchar(255),
        director varchar(255),
        etc varchar(255),
        isbn varchar(255),
        name varchar(255),
        primary key (item_id)
    );
?[2m2024-05-25T23:40:21.144+09:00?[0;39m ?[32mDEBUG?[0;39m ?[35m13892?[0;39m ?[2m---?[0;39m ?[2m[jpashop] [    Test worker]?[0;39m ?[2m?[0;39m?[36morg.hibernate.SQL                       ?[0;39m ?[2m:?[0;39m 
    create table member (
        member_id bigint not null,
        city varchar(255),
        name varchar(255),
        street varchar(255),
        zipcode varchar(255),
        primary key (member_id)
    )
?[2m2024-05-25T23:40:21.145+09:00?[0;39m ?[32m INFO?[0;39m ?[35m13892?[0;39m ?[2m---?[0;39m ?[2m[jpashop] [    Test worker]?[0;39m ?[2m?[0;39m?[36mp6spy                                   ?[0;39m ?[2m:?[0;39m #1716648021145 | took 1ms | statement | connection 3| url jdbc:h2:mem:test

    create table member (
        member_id bigint not null,
        city varchar(255),
        name varchar(255),
        street varchar(255),
        zipcode varchar(255),
        primary key (member_id)
    )

    create table member (
        member_id bigint not null,
        city varchar(255),
        name varchar(255),
        street varchar(255),
        zipcode varchar(255),
        primary key (member_id)
    );
?[2m2024-05-25T23:40:21.147+09:00?[0;39m ?[32mDEBUG?[0;39m ?[35m13892?[0;39m ?[2m---?[0;39m ?[2m[jpashop] [    Test worker]?[0;39m ?[2m?[0;39m?[36morg.hibernate.SQL                       ?[0;39m ?[2m:?[0;39m 
    create table order_item (
        count integer not null,
        order_price integer not null,
        item_id bigint,
        order_id bigint,
        order_item_id bigint not null,
        primary key (order_item_id)
    )
?[2m2024-05-25T23:40:21.148+09:00?[0;39m ?[32m INFO?[0;39m ?[35m13892?[0;39m ?[2m---?[0;39m ?[2m[jpashop] [    Test worker]?[0;39m ?[2m?[0;39m?[36mp6spy                                   ?[0;39m ?[2m:?[0;39m #1716648021148 | took 1ms | statement | connection 3| url jdbc:h2:mem:test

    create table order_item (
        count integer not null,
        order_price integer not null,
        item_id bigint,
        order_id bigint,
        order_item_id bigint not null,
        primary key (order_item_id)
    )

    create table order_item (
        count integer not null,
        order_price integer not null,
        item_id bigint,
        order_id bigint,
        order_item_id bigint not null,
        primary key (order_item_id)
    );
?[2m2024-05-25T23:40:21.154+09:00?[0;39m ?[32mDEBUG?[0;39m ?[35m13892?[0;39m ?[2m---?[0;39m ?[2m[jpashop] [    Test worker]?[0;39m ?[2m?[0;39m?[36morg.hibernate.SQL                       ?[0;39m ?[2m:?[0;39m 
    create table orders (
        delivery_id bigint unique,
        member_id bigint,
        order_date timestamp(6),
        order_id bigint not null,
        status varchar(255) check (status in ('ORDER','CANCEL')),
        primary key (order_id)
    )
?[2m2024-05-25T23:40:21.159+09:00?[0;39m ?[32m INFO?[0;39m ?[35m13892?[0;39m ?[2m---?[0;39m ?[2m[jpashop] [    Test worker]?[0;39m ?[2m?[0;39m?[36mp6spy                                   ?[0;39m ?[2m:?[0;39m #1716648021159 | took 3ms | statement | connection 3| url jdbc:h2:mem:test

    create table orders (
        delivery_id bigint unique,
        member_id bigint,
        order_date timestamp(6),
        order_id bigint not null,
        status varchar(255) check (status in ('ORDER','CANCEL')),
        primary key (order_id)
    )

    create table orders (
        delivery_id bigint unique,
        member_id bigint,
        order_date timestamp(6),
        order_id bigint not null,
        status varchar(255) check (status in ('ORDER','CANCEL')),
        primary key (order_id)
    );
?[2m2024-05-25T23:40:21.159+09:00?[0;39m ?[32mDEBUG?[0;39m ?[35m13892?[0;39m ?[2m---?[0;39m ?[2m[jpashop] [    Test worker]?[0;39m ?[2m?[0;39m?[36morg.hibernate.SQL                       ?[0;39m ?[2m:?[0;39m 
    alter table if exists category 
       add constraint FK2y94svpmqttx80mshyny85wqr 
       foreign key (parent_id) 
       references category
?[2m2024-05-25T23:40:21.166+09:00?[0;39m ?[32m INFO?[0;39m ?[35m13892?[0;39m ?[2m---?[0;39m ?[2m[jpashop] [    Test worker]?[0;39m ?[2m?[0;39m?[36mp6spy                                   ?[0;39m ?[2m:?[0;39m #1716648021166 | took 7ms | statement | connection 3| url jdbc:h2:mem:test

    alter table if exists category 
       add constraint FK2y94svpmqttx80mshyny85wqr 
       foreign key (parent_id) 
       references category

    alter table if exists category 
       add constraint FK2y94svpmqttx80mshyny85wqr 
       foreign key (parent_id) 
       references category;
?[2m2024-05-25T23:40:21.168+09:00?[0;39m ?[32mDEBUG?[0;39m ?[35m13892?[0;39m ?[2m---?[0;39m ?[2m[jpashop] [    Test worker]?[0;39m ?[2m?[0;39m?[36morg.hibernate.SQL                       ?[0;39m ?[2m:?[0;39m 
    alter table if exists category_item 
       add constraint FKu8b4lwqutcdq3363gf6mlujq 
       foreign key (item_id) 
       references item
?[2m2024-05-25T23:40:21.170+09:00?[0;39m ?[32m INFO?[0;39m ?[35m13892?[0;39m ?[2m---?[0;39m ?[2m[jpashop] [    Test worker]?[0;39m ?[2m?[0;39m?[36mp6spy                                   ?[0;39m ?[2m:?[0;39m #1716648021169 | took 1ms | statement | connection 3| url jdbc:h2:mem:test

    alter table if exists category_item 
       add constraint FKu8b4lwqutcdq3363gf6mlujq 
       foreign key (item_id) 
       references item

    alter table if exists category_item 
       add constraint FKu8b4lwqutcdq3363gf6mlujq 
       foreign key (item_id) 
       references item;
?[2m2024-05-25T23:40:21.171+09:00?[0;39m ?[32mDEBUG?[0;39m ?[35m13892?[0;39m ?[2m---?[0;39m ?[2m[jpashop] [    Test worker]?[0;39m ?[2m?[0;39m?[36morg.hibernate.SQL                       ?[0;39m ?[2m:?[0;39m 
    alter table if exists category_item 
       add constraint FKcq2n0opf5shyh84ex1fhukcbh 
       foreign key (category_id) 
       references category
?[2m2024-05-25T23:40:21.173+09:00?[0;39m ?[32m INFO?[0;39m ?[35m13892?[0;39m ?[2m---?[0;39m ?[2m[jpashop] [    Test worker]?[0;39m ?[2m?[0;39m?[36mp6spy                                   ?[0;39m ?[2m:?[0;39m #1716648021173 | took 2ms | statement | connection 3| url jdbc:h2:mem:test

    alter table if exists category_item 
       add constraint FKcq2n0opf5shyh84ex1fhukcbh 
       foreign key (category_id) 
       references category

    alter table if exists category_item 
       add constraint FKcq2n0opf5shyh84ex1fhukcbh 
       foreign key (category_id) 
       references category;
?[2m2024-05-25T23:40:21.173+09:00?[0;39m ?[32mDEBUG?[0;39m ?[35m13892?[0;39m ?[2m---?[0;39m ?[2m[jpashop] [    Test worker]?[0;39m ?[2m?[0;39m?[36morg.hibernate.SQL                       ?[0;39m ?[2m:?[0;39m 
    alter table if exists order_item 
       add constraint FKija6hjjiit8dprnmvtvgdp6ru 
       foreign key (item_id) 
       references item
?[2m2024-05-25T23:40:21.176+09:00?[0;39m ?[32m INFO?[0;39m ?[35m13892?[0;39m ?[2m---?[0;39m ?[2m[jpashop] [    Test worker]?[0;39m ?[2m?[0;39m?[36mp6spy                                   ?[0;39m ?[2m:?[0;39m #1716648021176 | took 1ms | statement | connection 3| url jdbc:h2:mem:test

    alter table if exists order_item 
       add constraint FKija6hjjiit8dprnmvtvgdp6ru 
       foreign key (item_id) 
       references item

    alter table if exists order_item 
       add constraint FKija6hjjiit8dprnmvtvgdp6ru 
       foreign key (item_id) 
       references item;
?[2m2024-05-25T23:40:21.176+09:00?[0;39m ?[32mDEBUG?[0;39m ?[35m13892?[0;39m ?[2m---?[0;39m ?[2m[jpashop] [    Test worker]?[0;39m ?[2m?[0;39m?[36morg.hibernate.SQL                       ?[0;39m ?[2m:?[0;39m 
    alter table if exists order_item 
       add constraint FKt4dc2r9nbvbujrljv3e23iibt 
       foreign key (order_id) 
       references orders
?[2m2024-05-25T23:40:21.178+09:00?[0;39m ?[32m INFO?[0;39m ?[35m13892?[0;39m ?[2m---?[0;39m ?[2m[jpashop] [    Test worker]?[0;39m ?[2m?[0;39m?[36mp6spy                                   ?[0;39m ?[2m:?[0;39m #1716648021178 | took 1ms | statement | connection 3| url jdbc:h2:mem:test

    alter table if exists order_item 
       add constraint FKt4dc2r9nbvbujrljv3e23iibt 
       foreign key (order_id) 
       references orders

    alter table if exists order_item 
       add constraint FKt4dc2r9nbvbujrljv3e23iibt 
       foreign key (order_id) 
       references orders;
?[2m2024-05-25T23:40:21.179+09:00?[0;39m ?[32mDEBUG?[0;39m ?[35m13892?[0;39m ?[2m---?[0;39m ?[2m[jpashop] [    Test worker]?[0;39m ?[2m?[0;39m?[36morg.hibernate.SQL                       ?[0;39m ?[2m:?[0;39m 
    alter table if exists orders 
       add constraint FKtkrur7wg4d8ax0pwgo0vmy20c 
       foreign key (delivery_id) 
       references delivery
?[2m2024-05-25T23:40:21.180+09:00?[0;39m ?[32m INFO?[0;39m ?[35m13892?[0;39m ?[2m---?[0;39m ?[2m[jpashop] [    Test worker]?[0;39m ?[2m?[0;39m?[36mp6spy                                   ?[0;39m ?[2m:?[0;39m #1716648021180 | took 1ms | statement | connection 3| url jdbc:h2:mem:test

    alter table if exists orders 
       add constraint FKtkrur7wg4d8ax0pwgo0vmy20c 
       foreign key (delivery_id) 
       references delivery

    alter table if exists orders 
       add constraint FKtkrur7wg4d8ax0pwgo0vmy20c 
       foreign key (delivery_id) 
       references delivery;
?[2m2024-05-25T23:40:21.181+09:00?[0;39m ?[32mDEBUG?[0;39m ?[35m13892?[0;39m ?[2m---?[0;39m ?[2m[jpashop] [    Test worker]?[0;39m ?[2m?[0;39m?[36morg.hibernate.SQL                       ?[0;39m ?[2m:?[0;39m 
    alter table if exists orders 
       add constraint FKpktxwhj3x9m4gth5ff6bkqgeb 
       foreign key (member_id) 
       references member
?[2m2024-05-25T23:40:21.184+09:00?[0;39m ?[32m INFO?[0;39m ?[35m13892?[0;39m ?[2m---?[0;39m ?[2m[jpashop] [    Test worker]?[0;39m ?[2m?[0;39m?[36mp6spy                                   ?[0;39m ?[2m:?[0;39m #1716648021184 | took 2ms | statement | connection 3| url jdbc:h2:mem:test

    alter table if exists orders 
       add constraint FKpktxwhj3x9m4gth5ff6bkqgeb 
       foreign key (member_id) 
       references member

    alter table if exists orders 
       add constraint FKpktxwhj3x9m4gth5ff6bkqgeb 
       foreign key (member_id) 
       references member;
?[2m2024-05-25T23:40:21.189+09:00?[0;39m ?[32m INFO?[0;39m ?[35m13892?[0;39m ?[2m---?[0;39m ?[2m[jpashop] [    Test worker]?[0;39m ?[2m?[0;39m?[36mj.LocalContainerEntityManagerFactoryBean?[0;39m ?[2m:?[0;39m Initialized JPA EntityManagerFactory for persistence unit 'default'
?[2m2024-05-25T23:40:21.496+09:00?[0;39m ?[33m WARN?[0;39m ?[35m13892?[0;39m ?[2m---?[0;39m ?[2m[jpashop] [    Test worker]?[0;39m ?[2m?[0;39m?[36mJpaBaseConfiguration$JpaWebConfiguration?[0;39m ?[2m:?[0;39m spring.jpa.open-in-view is enabled by default. Therefore, database queries may be performed during view rendering. Explicitly configure spring.jpa.open-in-view to disable this warning
?[2m2024-05-25T23:40:21.570+09:00?[0;39m ?[32m INFO?[0;39m ?[35m13892?[0;39m ?[2m---?[0;39m ?[2m[jpashop] [    Test worker]?[0;39m ?[2m?[0;39m?[36mo.s.b.a.w.s.WelcomePageHandlerMapping   ?[0;39m ?[2m:?[0;39m Adding welcome page: class path resource [static/index.html]
?[2m2024-05-25T23:40:22.039+09:00?[0;39m ?[32m INFO?[0;39m ?[35m13892?[0;39m ?[2m---?[0;39m ?[2m[jpashop] [    Test worker]?[0;39m ?[2m?[0;39m?[36mj.jpashop.service.OrderServiceTest      ?[0;39m ?[2m:?[0;39m Started OrderServiceTest in 4.745 seconds (process running for 5.996)
?[2m2024-05-25T23:40:22.699+09:00?[0;39m ?[32mDEBUG?[0;39m ?[35m13892?[0;39m ?[2m---?[0;39m ?[2m[jpashop] [    Test worker]?[0;39m ?[2m?[0;39m?[36morg.hibernate.SQL                       ?[0;39m ?[2m:?[0;39m 
    select
        next value for member_seq
?[2m2024-05-25T23:40:22.705+09:00?[0;39m ?[32m INFO?[0;39m ?[35m13892?[0;39m ?[2m---?[0;39m ?[2m[jpashop] [    Test worker]?[0;39m ?[2m?[0;39m?[36mp6spy                                   ?[0;39m ?[2m:?[0;39m #1716648022705 | took 1ms | statement | connection 4| url jdbc:h2:mem:test
select next value for member_seq
select next value for member_seq;
?[2m2024-05-25T23:40:22.734+09:00?[0;39m ?[32mDEBUG?[0;39m ?[35m13892?[0;39m ?[2m---?[0;39m ?[2m[jpashop] [    Test worker]?[0;39m ?[2m?[0;39m?[36morg.hibernate.SQL                       ?[0;39m ?[2m:?[0;39m 
    select
        next value for item_seq
?[2m2024-05-25T23:40:22.735+09:00?[0;39m ?[32m INFO?[0;39m ?[35m13892?[0;39m ?[2m---?[0;39m ?[2m[jpashop] [    Test worker]?[0;39m ?[2m?[0;39m?[36mp6spy                                   ?[0;39m ?[2m:?[0;39m #1716648022735 | took 0ms | statement | connection 4| url jdbc:h2:mem:test
select next value for item_seq
select next value for item_seq;
?[2m2024-05-25T23:40:22.757+09:00?[0;39m ?[32m INFO?[0;39m ?[35m13892?[0;39m ?[2m---?[0;39m ?[2m[jpashop] [    Test worker]?[0;39m ?[2m?[0;39m?[36mp6spy                                   ?[0;39m ?[2m:?[0;39m #1716648022757 | took 0ms | rollback | connection 4| url jdbc:h2:mem:test

;
?[2m2024-05-25T23:40:22.772+09:00?[0;39m ?[32mDEBUG?[0;39m ?[35m13892?[0;39m ?[2m---?[0;39m ?[2m[jpashop] [    Test worker]?[0;39m ?[2m?[0;39m?[36morg.hibernate.SQL                       ?[0;39m ?[2m:?[0;39m 
    select
        next value for member_seq
?[2m2024-05-25T23:40:22.773+09:00?[0;39m ?[32m INFO?[0;39m ?[35m13892?[0;39m ?[2m---?[0;39m ?[2m[jpashop] [    Test worker]?[0;39m ?[2m?[0;39m?[36mp6spy                                   ?[0;39m ?[2m:?[0;39m #1716648022773 | took 0ms | statement | connection 5| url jdbc:h2:mem:test
select next value for member_seq
select next value for member_seq;
?[2m2024-05-25T23:40:22.774+09:00?[0;39m ?[32mDEBUG?[0;39m ?[35m13892?[0;39m ?[2m---?[0;39m ?[2m[jpashop] [    Test worker]?[0;39m ?[2m?[0;39m?[36morg.hibernate.SQL                       ?[0;39m ?[2m:?[0;39m 
    select
        next value for item_seq
?[2m2024-05-25T23:40:22.775+09:00?[0;39m ?[32m INFO?[0;39m ?[35m13892?[0;39m ?[2m---?[0;39m ?[2m[jpashop] [    Test worker]?[0;39m ?[2m?[0;39m?[36mp6spy                                   ?[0;39m ?[2m:?[0;39m #1716648022774 | took 0ms | statement | connection 5| url jdbc:h2:mem:test
select next value for item_seq
select next value for item_seq;
?[2m2024-05-25T23:40:22.776+09:00?[0;39m ?[32mDEBUG?[0;39m ?[35m13892?[0;39m ?[2m---?[0;39m ?[2m[jpashop] [    Test worker]?[0;39m ?[2m?[0;39m?[36morg.hibernate.SQL                       ?[0;39m ?[2m:?[0;39m 
    select
        next value for orders_seq
?[2m2024-05-25T23:40:22.777+09:00?[0;39m ?[32m INFO?[0;39m ?[35m13892?[0;39m ?[2m---?[0;39m ?[2m[jpashop] [    Test worker]?[0;39m ?[2m?[0;39m?[36mp6spy                                   ?[0;39m ?[2m:?[0;39m #1716648022777 | took 0ms | statement | connection 5| url jdbc:h2:mem:test
select next value for orders_seq
select next value for orders_seq;
?[2m2024-05-25T23:40:22.778+09:00?[0;39m ?[32mDEBUG?[0;39m ?[35m13892?[0;39m ?[2m---?[0;39m ?[2m[jpashop] [    Test worker]?[0;39m ?[2m?[0;39m?[36morg.hibernate.SQL                       ?[0;39m ?[2m:?[0;39m 
    select
        next value for delivery_seq
?[2m2024-05-25T23:40:22.779+09:00?[0;39m ?[32m INFO?[0;39m ?[35m13892?[0;39m ?[2m---?[0;39m ?[2m[jpashop] [    Test worker]?[0;39m ?[2m?[0;39m?[36mp6spy                                   ?[0;39m ?[2m:?[0;39m #1716648022779 | took 0ms | statement | connection 5| url jdbc:h2:mem:test
select next value for delivery_seq
select next value for delivery_seq;
?[2m2024-05-25T23:40:22.787+09:00?[0;39m ?[32mDEBUG?[0;39m ?[35m13892?[0;39m ?[2m---?[0;39m ?[2m[jpashop] [    Test worker]?[0;39m ?[2m?[0;39m?[36morg.hibernate.SQL                       ?[0;39m ?[2m:?[0;39m 
    select
        next value for order_item_seq
?[2m2024-05-25T23:40:22.788+09:00?[0;39m ?[32m INFO?[0;39m ?[35m13892?[0;39m ?[2m---?[0;39m ?[2m[jpashop] [    Test worker]?[0;39m ?[2m?[0;39m?[36mp6spy                                   ?[0;39m ?[2m:?[0;39m #1716648022788 | took 0ms | statement | connection 5| url jdbc:h2:mem:test
select next value for order_item_seq
select next value for order_item_seq;
?[2m2024-05-25T23:40:22.869+09:00?[0;39m ?[32m INFO?[0;39m ?[35m13892?[0;39m ?[2m---?[0;39m ?[2m[jpashop] [    Test worker]?[0;39m ?[2m?[0;39m?[36mp6spy                                   ?[0;39m ?[2m:?[0;39m #1716648022869 | took 0ms | rollback | connection 5| url jdbc:h2:mem:test

;
?[2m2024-05-25T23:40:22.876+09:00?[0;39m ?[32mDEBUG?[0;39m ?[35m13892?[0;39m ?[2m---?[0;39m ?[2m[jpashop] [    Test worker]?[0;39m ?[2m?[0;39m?[36morg.hibernate.SQL                       ?[0;39m ?[2m:?[0;39m 
    select
        next value for orders_seq
?[2m2024-05-25T23:40:22.877+09:00?[0;39m ?[32m INFO?[0;39m ?[35m13892?[0;39m ?[2m---?[0;39m ?[2m[jpashop] [    Test worker]?[0;39m ?[2m?[0;39m?[36mp6spy                                   ?[0;39m ?[2m:?[0;39m #1716648022877 | took 0ms | statement | connection 6| url jdbc:h2:mem:test
select next value for orders_seq
select next value for orders_seq;
?[2m2024-05-25T23:40:22.878+09:00?[0;39m ?[32mDEBUG?[0;39m ?[35m13892?[0;39m ?[2m---?[0;39m ?[2m[jpashop] [    Test worker]?[0;39m ?[2m?[0;39m?[36morg.hibernate.SQL                       ?[0;39m ?[2m:?[0;39m 
    select
        next value for delivery_seq
?[2m2024-05-25T23:40:22.879+09:00?[0;39m ?[32m INFO?[0;39m ?[35m13892?[0;39m ?[2m---?[0;39m ?[2m[jpashop] [    Test worker]?[0;39m ?[2m?[0;39m?[36mp6spy                                   ?[0;39m ?[2m:?[0;39m #1716648022879 | took 0ms | statement | connection 6| url jdbc:h2:mem:test
select next value for delivery_seq
select next value for delivery_seq;
?[2m2024-05-25T23:40:22.881+09:00?[0;39m ?[32mDEBUG?[0;39m ?[35m13892?[0;39m ?[2m---?[0;39m ?[2m[jpashop] [    Test worker]?[0;39m ?[2m?[0;39m?[36morg.hibernate.SQL                       ?[0;39m ?[2m:?[0;39m 
    select
        next value for order_item_seq
?[2m2024-05-25T23:40:22.883+09:00?[0;39m ?[32m INFO?[0;39m ?[35m13892?[0;39m ?[2m---?[0;39m ?[2m[jpashop] [    Test worker]?[0;39m ?[2m?[0;39m?[36mp6spy                                   ?[0;39m ?[2m:?[0;39m #1716648022883 | took 0ms | statement | connection 6| url jdbc:h2:mem:test
select next value for order_item_seq
select next value for order_item_seq;
?[2m2024-05-25T23:40:22.889+09:00?[0;39m ?[32m INFO?[0;39m ?[35m13892?[0;39m ?[2m---?[0;39m ?[2m[jpashop] [    Test worker]?[0;39m ?[2m?[0;39m?[36mp6spy                                   ?[0;39m ?[2m:?[0;39m #1716648022889 | took 0ms | rollback | connection 6| url jdbc:h2:mem:test

;
]]></system-out>
  <system-err><![CDATA[]]></system-err>
</testsuite>
